<?xml version="1.0" encoding="UTF-8"?>
<testng-results ignored="0" total="2" passed="2" failed="0" skipped="0">
  <reporter-output>
  </reporter-output>
  <suite started-at="2019-01-03T03:21:48Z" name="Default suite" finished-at="2019-01-03T03:21:50Z" duration-ms="1821">
    <groups>
    </groups>
    <test started-at="2019-01-03T03:21:48Z" name="Default test" finished-at="2019-01-03T03:21:50Z" duration-ms="1821">
      <class name="aps.TestScripts.LoginPageTest">
        <test-method is-config="true" signature="setUp()[pri:0, instance:aps.TestScripts.LoginPageTest@72bc6553]" started-at="2019-01-03T03:21:15Z" name="setUp" finished-at="2019-01-03T03:21:48Z" duration-ms="33014" status="PASS">
          <reporter-output>
          </reporter-output>
        </test-method> <!-- setUp -->
        <test-method signature="LoginTest()[pri:1, instance:aps.TestScripts.LoginPageTest@72bc6553]" started-at="2019-01-03T03:21:48Z" name="LoginTest" finished-at="2019-01-03T03:21:50Z" duration-ms="1599" status="PASS">
          <reporter-output>
          </reporter-output>
        </test-method> <!-- LoginTest -->
        <test-method signature="pageTitleTest()[pri:2, instance:aps.TestScripts.LoginPageTest@72bc6553]" started-at="2019-01-03T03:21:50Z" name="pageTitleTest" finished-at="2019-01-03T03:21:50Z" duration-ms="34" status="PASS">
          <reporter-output>
          </reporter-output>
        </test-method> <!-- pageTitleTest -->
        <test-method is-config="true" signature="tearDown()[pri:0, instance:aps.TestScripts.LoginPageTest@72bc6553]" started-at="2019-01-03T03:21:50Z" name="tearDown" finished-at="2019-01-03T03:21:50Z" duration-ms="95" status="PASS">
          <reporter-output>
          </reporter-output>
        </test-method> <!-- tearDown -->
      </class> <!-- aps.TestScripts.LoginPageTest -->
    </test> <!-- Default test -->
  </suite> <!-- Default suite -->
</testng-results>
